<?xml version="1.0" encoding="UTF-8"?>
<!-- Generated by org.testng.reporters.JUnitReportReporter -->
<testsuite skipped="0" hostname="DESKTOP-6IP7VMK" name="test.AddCustomerTest" tests="1" failures="0" timestamp="2020-11-15T04:01:49 EST" time="13.228" errors="0">
  <testcase name="UserShouldBeAbleToAddCustomer" time="13.228" classname="test.AddCustomerTest"/>
  <system-out/>
</testsuite> <!-- test.AddCustomerTest -->
