<?xml version="1.0" encoding="UTF-8"?>
<!-- Generated by org.testng.reporters.JUnitReportReporter -->
<testsuite skipped="0" hostname="DESKTOP-6IP7VMK" name="test.LoginTest" tests="1" failures="0" timestamp="2020-11-15T00:29:16 EST" time="9.819" errors="0">
  <testcase name="login" time="9.819" classname="test.LoginTest"/>
  <system-out/>
</testsuite> <!-- test.LoginTest -->
